<?xml version="1.0" encoding="UTF-8"?>
<testsuite name="com.expandtesting.tests.FileUploadTest" tests="1" skipped="0" failures="0" errors="0" timestamp="2025-05-29T00:25:25.284Z" hostname="null" time="37.904">
  <properties/>
  <testcase name="testFileUpload()" classname="com.expandtesting.tests.FileUploadTest" time="37.904"/>
  <system-out><![CDATA[File input is present.
Upload confirmation element not visible. Page snippet:
<html lang="en"><head><style>#back-to-top{background:#000;-webkit-border-radius:50%;-moz-border-radius:50%;border-radius:50%;bottom:20px;-webkit-box-shadow:0 2px 5px 0 rgba(0,0,0,.26);-moz-box-shadow:0 2px 5px 0 rgba(0,0,0,.26);box-shadow:0 2px 5px 0 rgba(0,0,0,.26);color:#fff;cursor:pointer;display:block;height:50px;opacity:1;outline:0;position:fixed;right:20px;-webkit-tap-highlight-color:transparent;-webkit-touch-callout:none;-webkit-transition:bottom .2s,opacity .2s;-o-transition:bottom .2s,o
]]></system-out>
  <system-err><![CDATA[May 29, 2025 2:25:26 AM org.openqa.selenium.devtools.CdpVersionFinder findNearestMatch
WARNING: Unable to find CDP implementation matching 137
May 29, 2025 2:25:26 AM org.openqa.selenium.chromium.ChromiumDriver lambda$new$5
WARNING: Unable to find version of CDP to use for 137.0.7151.55. You may need to include a dependency on a specific version of the CDP using something similar to `org.seleniumhq.selenium:selenium-devtools-v86:4.12.0` where the version ("v86") matches the version of the chromium-based browser you're using and the version number of the artifact is the same as Selenium's.
]]></system-err>
</testsuite>
