<?xml version="1.0" encoding="UTF-8"?>
<testsuite name="com.expandtesting.tests.CookieTest" tests="1" skipped="0" failures="0" errors="0" timestamp="2025-05-29T00:25:10.371Z" hostname="null" time="9.655">
  <properties/>
  <testcase name="testCookieInjection()" classname="com.expandtesting.tests.CookieTest" time="9.655"/>
  <system-out><![CDATA[]]></system-out>
  <system-err><![CDATA[SLF4J: No SLF4J providers were found.
SLF4J: Defaulting to no-operation (NOP) logger implementation
SLF4J: See https://www.slf4j.org/codes.html#noProviders for further details.
May 29, 2025 2:25:12 AM org.openqa.selenium.devtools.CdpVersionFinder findNearestMatch
WARNING: Unable to find CDP implementation matching 137
May 29, 2025 2:25:12 AM org.openqa.selenium.chromium.ChromiumDriver lambda$new$5
WARNING: Unable to find version of CDP to use for 137.0.7151.55. You may need to include a dependency on a specific version of the CDP using something similar to `org.seleniumhq.selenium:selenium-devtools-v86:4.12.0` where the version ("v86") matches the version of the chromium-based browser you're using and the version number of the artifact is the same as Selenium's.
]]></system-err>
</testsuite>
