<?xml version="1.0" encoding="UTF-8"?>
<testsuite name="com.expandtesting.tests.EmailVerificationTest" tests="1" skipped="0" failures="0" errors="0" timestamp="2025-05-29T00:25:25.279Z" hostname="null" time="0.001">
  <properties/>
  <testcase name="testEmailActivationSimulation()" classname="com.expandtesting.tests.EmailVerificationTest" time="0.001"/>
  <system-out><![CDATA[Simulating email activation...
]]></system-out>
  <system-err><![CDATA[]]></system-err>
</testsuite>
